MyApplication/app/build/outputs/logs/manifest-merger-debug-report.txt
-- Merging decision tree log ---
manifest
ADDED from src/main/AndroidManifest.xml:2:1-75:12
	package
		ADDED from src/main/AndroidManifest.xml:3:5-45
		INJECTED from src/main/AndroidManifest.xml
		INJECTED from src/main/AndroidManifest.xml
	android:versionName
		INJECTED from src/main/AndroidManifest.xml
		INJECTED from src/main/AndroidManifest.xml
	xmlns:android
		ADDED from src/main/AndroidManifest.xml:2:11-69
	android:versionCode
		INJECTED from src/main/AndroidManifest.xml
		INJECTED from src/main/AndroidManifest.xml
uses-permission#android.permission.DISABLE_KEYGUARD
ADDED from src/main/AndroidManifest.xml:5:5-75
	android:name
		ADDED from src/main/AndroidManifest.xml:5:22-72
uses-permission#android.permission.READ_PHONE_STATE
ADDED from src/main/AndroidManifest.xml:6:5-75
	android:name
		ADDED from src/main/AndroidManifest.xml:6:22-72
uses-permission#android.permission.WAKE_LOCK
ADDED from src/main/AndroidManifest.xml:7:5-68
	android:name
		ADDED from src/main/AndroidManifest.xml:7:22-65
uses-permission#android.permission.RECEIVE_BOOT_COMPLETED
ADDED from src/main/AndroidManifest.xml:8:5-81
	android:name
		ADDED from src/main/AndroidManifest.xml:8:22-78
uses-permission#android.permission.SYSTEM_ALERT_WINDOW
ADDED from src/main/AndroidManifest.xml:9:5-77
	android:name
		ADDED from src/main/AndroidManifest.xml:9:22-75
uses-permission#android.permission.GET_TASKS
ADDED from src/main/AndroidManifest.xml:10:5-67
	android:name
		ADDED from src/main/AndroidManifest.xml:10:22-65
application
ADDED from src/main/AndroidManifest.xml:13:5-73:19
MERGED from [com.android.support:appcompat-v7:23.0.1] AndroidManifest.xml:22:5-20
MERGED from [com.android.support:support-v4:23.0.1] AndroidManifest.xml:22:5-20
	android:label
		ADDED from src/main/AndroidManifest.xml:16:9-41
	android:allowBackup
		ADDED from src/main/AndroidManifest.xml:14:9-35
	android:icon
		ADDED from src/main/AndroidManifest.xml:15:9-43
	android:theme
		ADDED from src/main/AndroidManifest.xml:17:9-62
activity#com.example.park.myapplication.LockScreenActivity
ADDED from src/main/AndroidManifest.xml:20:9-31:20
	android:label
		ADDED from src/main/AndroidManifest.xml:22:13-45
	android:stateNotNeeded
		ADDED from src/main/AndroidManifest.xml:24:13-42
	android:launchMode
		ADDED from src/main/AndroidManifest.xml:23:13-44
	android:name
		ADDED from src/main/AndroidManifest.xml:21:13-47
intent-filter#android.intent.action.MAIN+android.intent.category.DEFAULT+android.intent.category.HOME+android.intent.category.LAUNCHER
ADDED from src/main/AndroidManifest.xml:25:13-30:29
action#android.intent.action.MAIN
ADDED from src/main/AndroidManifest.xml:26:17-69
	android:name
		ADDED from src/main/AndroidManifest.xml:26:25-66
category#android.intent.category.HOME
ADDED from src/main/AndroidManifest.xml:27:17-73
	android:name
		ADDED from src/main/AndroidManifest.xml:27:27-70
category#android.intent.category.LAUNCHER
ADDED from src/main/AndroidManifest.xml:28:17-77
	android:name
		ADDED from src/main/AndroidManifest.xml:28:27-74
category#android.intent.category.DEFAULT
ADDED from src/main/AndroidManifest.xml:29:17-76
	android:name
		ADDED from src/main/AndroidManifest.xml:29:27-73
activity#com.example.park.myapplication.AppsListActivity
ADDED from src/main/AndroidManifest.xml:33:9-35:20
	android:name
		ADDED from src/main/AndroidManifest.xml:34:13-45
activity#com.example.park.myapplication.SettingActivity
ADDED from src/main/AndroidManifest.xml:37:9-39:20
	android:name
		ADDED from src/main/AndroidManifest.xml:38:13-44
activity#com.example.park.myapplication.LockReservActivity
ADDED from src/main/AndroidManifest.xml:41:9-43:20
	android:name
		ADDED from src/main/AndroidManifest.xml:42:13-47
activity#com.example.park.myapplication.AlertModeActivity
ADDED from src/main/AndroidManifest.xml:45:9-47:20
	android:name
		ADDED from src/main/AndroidManifest.xml:46:13-46
service#com.example.park.myapplication.ScreenService
ADDED from src/main/AndroidManifest.xml:49:9-52:19
	android:permission
		ADDED from src/main/AndroidManifest.xml:51:13-72
	android:name
		ADDED from src/main/AndroidManifest.xml:50:13-42
receiver#com.example.park.myapplication.ScreenReceiver
ADDED from src/main/AndroidManifest.xml:54:9-62:20
	android:enabled
		ADDED from src/main/AndroidManifest.xml:56:13-35
	android:exported
		ADDED from src/main/AndroidManifest.xml:57:13-37
	android:name
		ADDED from src/main/AndroidManifest.xml:55:13-43
intent-filter#android.intent.action.SCREEN_OFF+android.intent.action.SCREEN_ON
ADDED from src/main/AndroidManifest.xml:58:13-61:29
action#android.intent.action.SCREEN_ON
ADDED from src/main/AndroidManifest.xml:59:17-74
	android:name
		ADDED from src/main/AndroidManifest.xml:59:25-71
action#android.intent.action.SCREEN_OFF
ADDED from src/main/AndroidManifest.xml:60:17-75
	android:name
		ADDED from src/main/AndroidManifest.xml:60:25-72
receiver#com.example.park.myapplication.BootReceiver
ADDED from src/main/AndroidManifest.xml:64:9-71:20
	android:enabled
		ADDED from src/main/AndroidManifest.xml:66:13-35
	android:exported
		ADDED from src/main/AndroidManifest.xml:67:13-37
	android:name
		ADDED from src/main/AndroidManifest.xml:65:13-41
intent-filter#android.intent.action.BOOT_COMPLETED
ADDED from src/main/AndroidManifest.xml:68:13-70:29
action#android.intent.action.BOOT_COMPLETED
ADDED from src/main/AndroidManifest.xml:69:17-79
	android:name
		ADDED from src/main/AndroidManifest.xml:69:25-76
uses-sdk
INJECTED from src/main/AndroidManifest.xml reason: use-sdk injection requested
MERGED from [com.android.support:appcompat-v7:23.0.1] AndroidManifest.xml:20:5-43
MERGED from [com.android.support:support-v4:23.0.1] AndroidManifest.xml:20:5-43
	android:targetSdkVersion
		INJECTED from src/main/AndroidManifest.xml
		INJECTED from src/main/AndroidManifest.xml
	android:minSdkVersion
		INJECTED from src/main/AndroidManifest.xml
		INJECTED from src/main/AndroidManifest.xml